app/build/intermediates/manifest_merge_blame_file/debug/processDebugMainManifest/manifest-merger-blame-debug-report.txt
1<?xml version="1.0" encoding="utf-8"?>
2<manifest xmlns:android="http://schemas.android.com/apk/res/android"
3    package="com.example.postmark"
4    android:versionCode="1"
5    android:versionName="1.0" >
6
7    <uses-sdk
8        android:minSdkVersion="26"
9        android:targetSdkVersion="35" />
10
11    <uses-permission android:name="android.permission.INTERNET" />
11-->src/main/AndroidManifest.xml:4:5-67
11-->src/main/AndroidManifest.xml:4:22-64
12    <uses-permission android:name="android.permission.ACCESS_FINE_LOCATION" />
12-->src/main/AndroidManifest.xml:5:5-79
12-->src/main/AndroidManifest.xml:5:22-76
13    <uses-permission android:name="android.permission.ACCESS_COARSE_LOCATION" />
13-->src/main/AndroidManifest.xml:6:5-81
13-->src/main/AndroidManifest.xml:6:22-78
14    <!-- Include required permissions for Google Maps API to run. -->
15    <uses-permission android:name="android.permission.ACCESS_NETWORK_STATE" />
15-->[com.google.android.gms:play-services-maps:19.0.0] AndroidManifest.xml:23:5-79
15-->[com.google.android.gms:play-services-maps:19.0.0] AndroidManifest.xml:23:22-76
16
17    <uses-feature
17-->[com.google.android.gms:play-services-maps:19.0.0] AndroidManifest.xml:26:5-28:35
18        android:glEsVersion="0x00020000"
18-->[com.google.android.gms:play-services-maps:19.0.0] AndroidManifest.xml:27:9-41
19        android:required="true" />
19-->[com.google.android.gms:play-services-maps:19.0.0] AndroidManifest.xml:28:9-32
20
21    <queries>
21-->[com.google.android.gms:play-services-maps:19.0.0] AndroidManifest.xml:30:5-34:15
22
23        <!-- Needs to be explicitly declared on Android R+ -->
24        <package android:name="com.google.android.apps.maps" />
24-->[com.google.android.gms:play-services-maps:19.0.0] AndroidManifest.xml:33:9-64
24-->[com.google.android.gms:play-services-maps:19.0.0] AndroidManifest.xml:33:18-61
25    </queries>
26
27    <uses-permission android:name="com.google.android.providers.gsf.permission.READ_GSERVICES" />
27-->[com.google.android.recaptcha:recaptcha:18.5.1] AndroidManifest.xml:9:5-98
27-->[com.google.android.recaptcha:recaptcha:18.5.1] AndroidManifest.xml:9:22-95
28
29    <permission
29-->[androidx.core:core:1.15.0] AndroidManifest.xml:22:5-24:47
30        android:name="com.example.postmark.DYNAMIC_RECEIVER_NOT_EXPORTED_PERMISSION"
30-->[androidx.core:core:1.15.0] AndroidManifest.xml:23:9-81
31        android:protectionLevel="signature" />
31-->[androidx.core:core:1.15.0] AndroidManifest.xml:24:9-44
32
33    <uses-permission android:name="com.example.postmark.DYNAMIC_RECEIVER_NOT_EXPORTED_PERMISSION" />
33-->[androidx.core:core:1.15.0] AndroidManifest.xml:26:5-97
33-->[androidx.core:core:1.15.0] AndroidManifest.xml:26:22-94
34
35    <application
35-->src/main/AndroidManifest.xml:8:5-29:19
36        android:allowBackup="true"
36-->src/main/AndroidManifest.xml:9:9-35
37        android:appComponentFactory="androidx.core.app.CoreComponentFactory"
37-->[androidx.core:core:1.15.0] AndroidManifest.xml:28:18-86
38        android:debuggable="true"
39        android:extractNativeLibs="false"
40        android:icon="@mipmap/ic_launcher"
40-->src/main/AndroidManifest.xml:10:9-43
41        android:label="Postmark"
41-->src/main/AndroidManifest.xml:12:9-33
42        android:roundIcon="@mipmap/ic_launcher_round"
42-->src/main/AndroidManifest.xml:11:9-54
43        android:supportsRtl="true"
43-->src/main/AndroidManifest.xml:13:9-35
44        android:testOnly="true"
45        android:theme="@style/Theme.Postmark" >
45-->src/main/AndroidManifest.xml:14:9-46
46        <meta-data
46-->src/main/AndroidManifest.xml:16:9-18:49
47            android:name="com.google.android.geo.API_KEY"
47-->src/main/AndroidManifest.xml:17:13-58
48            android:value="YOUR_MAPS_API_KEY" />
48-->src/main/AndroidManifest.xml:18:13-46
49
50        <activity
50-->src/main/AndroidManifest.xml:20:9-28:20
51            android:name="com.example.postmark.MainActivity"
51-->src/main/AndroidManifest.xml:21:13-41
52            android:exported="true"
52-->src/main/AndroidManifest.xml:22:13-36
53            android:theme="@style/Theme.Postmark" >
53-->src/main/AndroidManifest.xml:23:13-50
54            <intent-filter>
54-->src/main/AndroidManifest.xml:24:13-27:29
55                <action android:name="android.intent.action.MAIN" />
55-->src/main/AndroidManifest.xml:25:17-69
55-->src/main/AndroidManifest.xml:25:25-66
56
57                <category android:name="android.intent.category.LAUNCHER" />
57-->src/main/AndroidManifest.xml:26:17-77
57-->src/main/AndroidManifest.xml:26:27-74
58            </intent-filter>
59        </activity>
60        <!-- Needs to be explicitly declared on P+ -->
61        <uses-library
61-->[com.google.android.gms:play-services-maps:19.0.0] AndroidManifest.xml:39:9-41:40
62            android:name="org.apache.http.legacy"
62-->[com.google.android.gms:play-services-maps:19.0.0] AndroidManifest.xml:40:13-50
63            android:required="false" />
63-->[com.google.android.gms:play-services-maps:19.0.0] AndroidManifest.xml:41:13-37
64
65        <service
65-->[com.google.firebase:firebase-firestore-ktx:25.1.1] AndroidManifest.xml:9:9-15:19
66            android:name="com.google.firebase.components.ComponentDiscoveryService"
66-->[com.google.firebase:firebase-firestore-ktx:25.1.1] AndroidManifest.xml:10:13-84
67            android:directBootAware="true"
67-->[com.google.firebase:firebase-common:21.0.0] AndroidManifest.xml:32:13-43
68            android:exported="false" >
68-->[com.google.firebase:firebase-firestore-ktx:25.1.1] AndroidManifest.xml:11:13-37
69            <meta-data
69-->[com.google.firebase:firebase-firestore-ktx:25.1.1] AndroidManifest.xml:12:13-14:85
70                android:name="com.google.firebase.components:com.google.firebase.firestore.ktx.FirebaseFirestoreLegacyRegistrar"
70-->[com.google.firebase:firebase-firestore-ktx:25.1.1] AndroidManifest.xml:13:17-129
71                android:value="com.google.firebase.components.ComponentRegistrar" />
71-->[com.google.firebase:firebase-firestore-ktx:25.1.1] AndroidManifest.xml:14:17-82
72            <meta-data
72-->[com.google.firebase:firebase-firestore:25.1.1] AndroidManifest.xml:17:13-19:85
73                android:name="com.google.firebase.components:com.google.firebase.firestore.FirebaseFirestoreKtxRegistrar"
73-->[com.google.firebase:firebase-firestore:25.1.1] AndroidManifest.xml:18:17-122
74                android:value="com.google.firebase.components.ComponentRegistrar" />
74-->[com.google.firebase:firebase-firestore:25.1.1] AndroidManifest.xml:19:17-82
75            <meta-data
75-->[com.google.firebase:firebase-firestore:25.1.1] AndroidManifest.xml:20:13-22:85
76                android:name="com.google.firebase.components:com.google.firebase.firestore.FirestoreRegistrar"
76-->[com.google.firebase:firebase-firestore:25.1.1] AndroidManifest.xml:21:17-111
77                android:value="com.google.firebase.components.ComponentRegistrar" />
77-->[com.google.firebase:firebase-firestore:25.1.1] AndroidManifest.xml:22:17-82
78            <meta-data
78-->[com.google.firebase:firebase-auth-ktx:23.1.0] AndroidManifest.xml:11:13-13:85
79                android:name="com.google.firebase.components:com.google.firebase.auth.ktx.FirebaseAuthLegacyRegistrar"
79-->[com.google.firebase:firebase-auth-ktx:23.1.0] AndroidManifest.xml:12:17-119
80                android:value="com.google.firebase.components.ComponentRegistrar" />
80-->[com.google.firebase:firebase-auth-ktx:23.1.0] AndroidManifest.xml:13:17-82
81            <meta-data
81-->[com.google.firebase:firebase-auth:23.1.0] AndroidManifest.xml:69:13-71:85
82                android:name="com.google.firebase.components:com.google.firebase.auth.FirebaseAuthRegistrar"
82-->[com.google.firebase:firebase-auth:23.1.0] AndroidManifest.xml:70:17-109
83                android:value="com.google.firebase.components.ComponentRegistrar" />
83-->[com.google.firebase:firebase-auth:23.1.0] AndroidManifest.xml:71:17-82
84            <meta-data
84-->[com.google.firebase:firebase-common-ktx:21.0.0] AndroidManifest.xml:12:13-14:85
85                android:name="com.google.firebase.components:com.google.firebase.ktx.FirebaseCommonLegacyRegistrar"
85-->[com.google.firebase:firebase-common-ktx:21.0.0] AndroidManifest.xml:13:17-116
86                android:value="com.google.firebase.components.ComponentRegistrar" />
86-->[com.google.firebase:firebase-common-ktx:21.0.0] AndroidManifest.xml:14:17-82
87            <meta-data
87-->[com.google.firebase:firebase-common:21.0.0] AndroidManifest.xml:35:13-37:85
88                android:name="com.google.firebase.components:com.google.firebase.FirebaseCommonKtxRegistrar"
88-->[com.google.firebase:firebase-common:21.0.0] AndroidManifest.xml:36:17-109
89                android:value="com.google.firebase.components.ComponentRegistrar" />
89-->[com.google.firebase:firebase-common:21.0.0] AndroidManifest.xml:37:17-82
90        </service>
91
92        <activity
92-->[com.google.firebase:firebase-auth:23.1.0] AndroidManifest.xml:29:9-46:20
93            android:name="com.google.firebase.auth.internal.GenericIdpActivity"
93-->[com.google.firebase:firebase-auth:23.1.0] AndroidManifest.xml:30:13-80
94            android:excludeFromRecents="true"
94-->[com.google.firebase:firebase-auth:23.1.0] AndroidManifest.xml:31:13-46
95            android:exported="true"
95-->[com.google.firebase:firebase-auth:23.1.0] AndroidManifest.xml:32:13-36
96            android:launchMode="singleTask"
96-->[com.google.firebase:firebase-auth:23.1.0] AndroidManifest.xml:33:13-44
97            android:theme="@android:style/Theme.Translucent.NoTitleBar" >
97-->[com.google.firebase:firebase-auth:23.1.0] AndroidManifest.xml:34:13-72
98            <intent-filter>
98-->[com.google.firebase:firebase-auth:23.1.0] AndroidManifest.xml:35:13-45:29
99                <action android:name="android.intent.action.VIEW" />
99-->[com.google.firebase:firebase-auth:23.1.0] AndroidManifest.xml:36:17-69
99-->[com.google.firebase:firebase-auth:23.1.0] AndroidManifest.xml:36:25-66
100
101                <category android:name="android.intent.category.DEFAULT" />
101-->[com.google.firebase:firebase-auth:23.1.0] AndroidManifest.xml:38:17-76
101-->[com.google.firebase:firebase-auth:23.1.0] AndroidManifest.xml:38:27-73
102                <category android:name="android.intent.category.BROWSABLE" />
102-->[com.google.firebase:firebase-auth:23.1.0] AndroidManifest.xml:39:17-78
102-->[com.google.firebase:firebase-auth:23.1.0] AndroidManifest.xml:39:27-75
103
104                <data
104-->[com.google.firebase:firebase-auth:23.1.0] AndroidManifest.xml:41:17-44:51
105                    android:host="firebase.auth"
105-->[com.google.firebase:firebase-auth:23.1.0] AndroidManifest.xml:42:21-49
106                    android:path="/"
106-->[com.google.firebase:firebase-auth:23.1.0] AndroidManifest.xml:43:21-37
107                    android:scheme="genericidp" />
107-->[com.google.firebase:firebase-auth:23.1.0] AndroidManifest.xml:44:21-48
108            </intent-filter>
109        </activity>
110        <activity
110-->[com.google.firebase:firebase-auth:23.1.0] AndroidManifest.xml:47:9-64:20
111            android:name="com.google.firebase.auth.internal.RecaptchaActivity"
111-->[com.google.firebase:firebase-auth:23.1.0] AndroidManifest.xml:48:13-79
112            android:excludeFromRecents="true"
112-->[com.google.firebase:firebase-auth:23.1.0] AndroidManifest.xml:49:13-46
113            android:exported="true"
113-->[com.google.firebase:firebase-auth:23.1.0] AndroidManifest.xml:50:13-36
114            android:launchMode="singleTask"
114-->[com.google.firebase:firebase-auth:23.1.0] AndroidManifest.xml:51:13-44
115            android:theme="@android:style/Theme.Translucent.NoTitleBar" >
115-->[com.google.firebase:firebase-auth:23.1.0] AndroidManifest.xml:52:13-72
116            <intent-filter>
116-->[com.google.firebase:firebase-auth:23.1.0] AndroidManifest.xml:53:13-63:29
117                <action android:name="android.intent.action.VIEW" />
117-->[com.google.firebase:firebase-auth:23.1.0] AndroidManifest.xml:36:17-69
117-->[com.google.firebase:firebase-auth:23.1.0] AndroidManifest.xml:36:25-66
118
119                <category android:name="android.intent.category.DEFAULT" />
119-->[com.google.firebase:firebase-auth:23.1.0] AndroidManifest.xml:38:17-76
119-->[com.google.firebase:firebase-auth:23.1.0] AndroidManifest.xml:38:27-73
120                <category android:name="android.intent.category.BROWSABLE" />
120-->[com.google.firebase:firebase-auth:23.1.0] AndroidManifest.xml:39:17-78
120-->[com.google.firebase:firebase-auth:23.1.0] AndroidManifest.xml:39:27-75
121
122                <data
122-->[com.google.firebase:firebase-auth:23.1.0] AndroidManifest.xml:41:17-44:51
123                    android:host="firebase.auth"
123-->[com.google.firebase:firebase-auth:23.1.0] AndroidManifest.xml:42:21-49
124                    android:path="/"
124-->[com.google.firebase:firebase-auth:23.1.0] AndroidManifest.xml:43:21-37
125                    android:scheme="recaptcha" />
125-->[com.google.firebase:firebase-auth:23.1.0] AndroidManifest.xml:44:21-48
126            </intent-filter>
127        </activity>
128
129        <service
129-->[androidx.credentials:credentials-play-services-auth:1.2.0-rc01] AndroidManifest.xml:24:9-32:19
130            android:name="androidx.credentials.playservices.CredentialProviderMetadataHolder"
130-->[androidx.credentials:credentials-play-services-auth:1.2.0-rc01] AndroidManifest.xml:25:13-94
131            android:enabled="true"
131-->[androidx.credentials:credentials-play-services-auth:1.2.0-rc01] AndroidManifest.xml:26:13-35
132            android:exported="false" >
132-->[androidx.credentials:credentials-play-services-auth:1.2.0-rc01] AndroidManifest.xml:27:13-37
133            <meta-data
133-->[androidx.credentials:credentials-play-services-auth:1.2.0-rc01] AndroidManifest.xml:29:13-31:104
134                android:name="androidx.credentials.CREDENTIAL_PROVIDER_KEY"
134-->[androidx.credentials:credentials-play-services-auth:1.2.0-rc01] AndroidManifest.xml:30:17-76
135                android:value="androidx.credentials.playservices.CredentialProviderPlayServicesImpl" />
135-->[androidx.credentials:credentials-play-services-auth:1.2.0-rc01] AndroidManifest.xml:31:17-101
136        </service>
137
138        <activity
138-->[androidx.credentials:credentials-play-services-auth:1.2.0-rc01] AndroidManifest.xml:34:9-41:20
139            android:name="androidx.credentials.playservices.HiddenActivity"
139-->[androidx.credentials:credentials-play-services-auth:1.2.0-rc01] AndroidManifest.xml:35:13-76
140            android:configChanges="orientation|screenSize|screenLayout|keyboardHidden"
140-->[androidx.credentials:credentials-play-services-auth:1.2.0-rc01] AndroidManifest.xml:36:13-87
141            android:enabled="true"
141-->[androidx.credentials:credentials-play-services-auth:1.2.0-rc01] AndroidManifest.xml:37:13-35
142            android:exported="false"
142-->[androidx.credentials:credentials-play-services-auth:1.2.0-rc01] AndroidManifest.xml:38:13-37
143            android:fitsSystemWindows="true"
143-->[androidx.credentials:credentials-play-services-auth:1.2.0-rc01] AndroidManifest.xml:39:13-45
144            android:theme="@style/Theme.Hidden" >
144-->[androidx.credentials:credentials-play-services-auth:1.2.0-rc01] AndroidManifest.xml:40:13-48
145        </activity>
146        <activity
146-->[com.google.android.gms:play-services-auth:20.7.0] AndroidManifest.xml:23:9-27:75
147            android:name="com.google.android.gms.auth.api.signin.internal.SignInHubActivity"
147-->[com.google.android.gms:play-services-auth:20.7.0] AndroidManifest.xml:24:13-93
148            android:excludeFromRecents="true"
148-->[com.google.android.gms:play-services-auth:20.7.0] AndroidManifest.xml:25:13-46
149            android:exported="false"
149-->[com.google.android.gms:play-services-auth:20.7.0] AndroidManifest.xml:26:13-37
150            android:theme="@android:style/Theme.Translucent.NoTitleBar" />
150-->[com.google.android.gms:play-services-auth:20.7.0] AndroidManifest.xml:27:13-72
151        <!--
152            Service handling Google Sign-In user revocation. For apps that do not integrate with
153            Google Sign-In, this service will never be started.
154        -->
155        <service
155-->[com.google.android.gms:play-services-auth:20.7.0] AndroidManifest.xml:33:9-37:51
156            android:name="com.google.android.gms.auth.api.signin.RevocationBoundService"
156-->[com.google.android.gms:play-services-auth:20.7.0] AndroidManifest.xml:34:13-89
157            android:exported="true"
157-->[com.google.android.gms:play-services-auth:20.7.0] AndroidManifest.xml:35:13-36
158            android:permission="com.google.android.gms.auth.api.signin.permission.REVOCATION_NOTIFICATION"
158-->[com.google.android.gms:play-services-auth:20.7.0] AndroidManifest.xml:36:13-107
159            android:visibleToInstantApps="true" />
159-->[com.google.android.gms:play-services-auth:20.7.0] AndroidManifest.xml:37:13-48
160
161        <activity
161-->[com.google.android.gms:play-services-base:18.5.0] AndroidManifest.xml:5:9-173
162            android:name="com.google.android.gms.common.api.GoogleApiActivity"
162-->[com.google.android.gms:play-services-base:18.5.0] AndroidManifest.xml:5:19-85
163            android:exported="false"
163-->[com.google.android.gms:play-services-base:18.5.0] AndroidManifest.xml:5:146-170
164            android:theme="@android:style/Theme.Translucent.NoTitleBar" />
164-->[com.google.android.gms:play-services-base:18.5.0] AndroidManifest.xml:5:86-145
165
166        <provider
166-->[androidx.emoji2:emoji2:1.3.0] AndroidManifest.xml:24:9-32:20
167            android:name="androidx.startup.InitializationProvider"
167-->[androidx.emoji2:emoji2:1.3.0] AndroidManifest.xml:25:13-67
168            android:authorities="com.example.postmark.androidx-startup"
168-->[androidx.emoji2:emoji2:1.3.0] AndroidManifest.xml:26:13-68
169            android:exported="false" >
169-->[androidx.emoji2:emoji2:1.3.0] AndroidManifest.xml:27:13-37
170            <meta-data
170-->[androidx.emoji2:emoji2:1.3.0] AndroidManifest.xml:29:13-31:52
171                android:name="androidx.emoji2.text.EmojiCompatInitializer"
171-->[androidx.emoji2:emoji2:1.3.0] AndroidManifest.xml:30:17-75
172                android:value="androidx.startup" />
172-->[androidx.emoji2:emoji2:1.3.0] AndroidManifest.xml:31:17-49
173            <meta-data
173-->[androidx.lifecycle:lifecycle-process:2.8.7] AndroidManifest.xml:29:13-31:52
174                android:name="androidx.lifecycle.ProcessLifecycleInitializer"
174-->[androidx.lifecycle:lifecycle-process:2.8.7] AndroidManifest.xml:30:17-78
175                android:value="androidx.startup" />
175-->[androidx.lifecycle:lifecycle-process:2.8.7] AndroidManifest.xml:31:17-49
176            <meta-data
176-->[androidx.profileinstaller:profileinstaller:1.3.1] AndroidManifest.xml:29:13-31:52
177                android:name="androidx.profileinstaller.ProfileInstallerInitializer"
177-->[androidx.profileinstaller:profileinstaller:1.3.1] AndroidManifest.xml:30:17-85
178                android:value="androidx.startup" />
178-->[androidx.profileinstaller:profileinstaller:1.3.1] AndroidManifest.xml:31:17-49
179        </provider>
180        <provider
180-->[com.google.firebase:firebase-common:21.0.0] AndroidManifest.xml:23:9-28:39
181            android:name="com.google.firebase.provider.FirebaseInitProvider"
181-->[com.google.firebase:firebase-common:21.0.0] AndroidManifest.xml:24:13-77
182            android:authorities="com.example.postmark.firebaseinitprovider"
182-->[com.google.firebase:firebase-common:21.0.0] AndroidManifest.xml:25:13-72
183            android:directBootAware="true"
183-->[com.google.firebase:firebase-common:21.0.0] AndroidManifest.xml:26:13-43
184            android:exported="false"
184-->[com.google.firebase:firebase-common:21.0.0] AndroidManifest.xml:27:13-37
185            android:initOrder="100" />
185-->[com.google.firebase:firebase-common:21.0.0] AndroidManifest.xml:28:13-36
186
187        <meta-data
187-->[com.google.android.gms:play-services-basement:18.4.0] AndroidManifest.xml:6:9-122
188            android:name="com.google.android.gms.version"
188-->[com.google.android.gms:play-services-basement:18.4.0] AndroidManifest.xml:6:20-65
189            android:value="@integer/google_play_services_version" />
189-->[com.google.android.gms:play-services-basement:18.4.0] AndroidManifest.xml:6:66-119
190
191        <receiver
191-->[androidx.profileinstaller:profileinstaller:1.3.1] AndroidManifest.xml:34:9-52:20
192            android:name="androidx.profileinstaller.ProfileInstallReceiver"
192-->[androidx.profileinstaller:profileinstaller:1.3.1] AndroidManifest.xml:35:13-76
193            android:directBootAware="false"
193-->[androidx.profileinstaller:profileinstaller:1.3.1] AndroidManifest.xml:36:13-44
194            android:enabled="true"
194-->[androidx.profileinstaller:profileinstaller:1.3.1] AndroidManifest.xml:37:13-35
195            android:exported="true"
195-->[androidx.profileinstaller:profileinstaller:1.3.1] AndroidManifest.xml:38:13-36
196            android:permission="android.permission.DUMP" >
196-->[androidx.profileinstaller:profileinstaller:1.3.1] AndroidManifest.xml:39:13-57
197            <intent-filter>
197-->[androidx.profileinstaller:profileinstaller:1.3.1] AndroidManifest.xml:40:13-42:29
198                <action android:name="androidx.profileinstaller.action.INSTALL_PROFILE" />
198-->[androidx.profileinstaller:profileinstaller:1.3.1] AndroidManifest.xml:41:17-91
198-->[androidx.profileinstaller:profileinstaller:1.3.1] AndroidManifest.xml:41:25-88
199            </intent-filter>
200            <intent-filter>
200-->[androidx.profileinstaller:profileinstaller:1.3.1] AndroidManifest.xml:43:13-45:29
201                <action android:name="androidx.profileinstaller.action.SKIP_FILE" />
201-->[androidx.profileinstaller:profileinstaller:1.3.1] AndroidManifest.xml:44:17-85
201-->[androidx.profileinstaller:profileinstaller:1.3.1] AndroidManifest.xml:44:25-82
202            </intent-filter>
203            <intent-filter>
203-->[androidx.profileinstaller:profileinstaller:1.3.1] AndroidManifest.xml:46:13-48:29
204                <action android:name="androidx.profileinstaller.action.SAVE_PROFILE" />
204-->[androidx.profileinstaller:profileinstaller:1.3.1] AndroidManifest.xml:47:17-88
204-->[androidx.profileinstaller:profileinstaller:1.3.1] AndroidManifest.xml:47:25-85
205            </intent-filter>
206            <intent-filter>
206-->[androidx.profileinstaller:profileinstaller:1.3.1] AndroidManifest.xml:49:13-51:29
207                <action android:name="androidx.profileinstaller.action.BENCHMARK_OPERATION" />
207-->[androidx.profileinstaller:profileinstaller:1.3.1] AndroidManifest.xml:50:17-95
207-->[androidx.profileinstaller:profileinstaller:1.3.1] AndroidManifest.xml:50:25-92
208            </intent-filter>
209        </receiver> <!-- The activities will be merged into the manifest of the hosting app. -->
210        <activity
210-->[com.google.android.play:core-common:2.0.3] AndroidManifest.xml:14:9-18:65
211            android:name="com.google.android.play.core.common.PlayCoreDialogWrapperActivity"
211-->[com.google.android.play:core-common:2.0.3] AndroidManifest.xml:15:13-93
212            android:exported="false"
212-->[com.google.android.play:core-common:2.0.3] AndroidManifest.xml:16:13-37
213            android:stateNotNeeded="true"
213-->[com.google.android.play:core-common:2.0.3] AndroidManifest.xml:17:13-42
214            android:theme="@style/Theme.PlayCore.Transparent" />
214-->[com.google.android.play:core-common:2.0.3] AndroidManifest.xml:18:13-62
215    </application>
216
217</manifest>